# JRE version: Java(TM) SE Runtime Environment (8.0_60-b27) (build 1.8.0_60-b27)
# Java VM: Java HotSpot(TM) 64-Bit Server VM (25.60-b23 mixed mode windows-amd64 compressed oops)
Heap:
 PSYoungGen      total 246784K, used 8704K [0x00000000eab00000, 0x00000000ff900000, 0x0000000100000000)
  eden space 237568K, 0% used [0x00000000eab00000,0x00000000eab00000,0x00000000f9300000)
  from space 9216K, 94% used [0x00000000f9300000,0x00000000f9b80020,0x00000000f9c00000)
  to   space 52224K, 0% used [0x00000000fc600000,0x00000000fc600000,0x00000000ff900000)
 ParOldGen       total 308736K, used 97724K [0x00000000c0000000, 0x00000000d2d80000, 0x00000000eab00000)
  object space 308736K, 31% used [0x00000000c0000000,0x00000000c5f6f100,0x00000000d2d80000)
 Metaspace       used 97986K, capacity 104988K, committed 107520K, reserved 1144832K
  class space    used 11811K, capacity 12492K, committed 13056K, reserved 1048576K
GC Heap History (10 events):
Event: 14755.842 GC heap after
Heap after GC invocations=203 (full 31):
 PSYoungGen      total 288768K, used 36415K [0x00000000eab00000, 0x0000000100000000, 0x0000000100000000)
  eden space 234496K, 0% used [0x00000000eab00000,0x00000000eab00000,0x00000000f9000000)
  from space 54272K, 67% used [0x00000000fcb00000,0x00000000fee8ff98,0x0000000100000000)
  to   space 57344K, 0% used [0x00000000f9000000,0x00000000f9000000,0x00000000fc800000)
 ParOldGen       total 308736K, used 119608K [0x00000000c0000000, 0x00000000d2d80000, 0x00000000eab00000)
  object space 308736K, 38% used [0x00000000c0000000,0x00000000c74ce380,0x00000000d2d80000)
 Metaspace       used 98182K, capacity 105082K, committed 107264K, reserved 1142784K
  class space    used 11836K, capacity 12513K, committed 13056K, reserved 1048576K
}
Event: 14758.958 GC heap before
{Heap before GC invocations=204 (full 31):
 PSYoungGen      total 288768K, used 270911K [0x00000000eab00000, 0x0000000100000000, 0x0000000100000000)
  eden space 234496K, 100% used [0x00000000eab00000,0x00000000f9000000,0x00000000f9000000)
  from space 54272K, 67% used [0x00000000fcb00000,0x00000000fee8ff98,0x0000000100000000)
  to   space 57344K, 0% used [0x00000000f9000000,0x00000000f9000000,0x00000000fc800000)
 ParOldGen       total 308736K, used 119608K [0x00000000c0000000, 0x00000000d2d80000, 0x00000000eab00000)
  object space 308736K, 38% used [0x00000000c0000000,0x00000000c74ce380,0x00000000d2d80000)
 Metaspace       used 98258K, capacity 105190K, committed 107520K, reserved 1144832K
  class space    used 11845K, capacity 12547K, committed 13056K, reserved 1048576K
Event: 14759.007 GC heap after
Heap after GC invocations=204 (full 31):
 PSYoungGen      total 291840K, used 13093K [0x00000000eab00000, 0x00000000ffe00000, 0x0000000100000000)
  eden space 234496K, 0% used [0x00000000eab00000,0x00000000eab00000,0x00000000f9000000)
  from space 57344K, 22% used [0x00000000f9000000,0x00000000f9cc9718,0x00000000fc800000)
  to   space 54784K, 0% used [0x00000000fc880000,0x00000000fc880000,0x00000000ffe00000)
 ParOldGen       total 308736K, used 145581K [0x00000000c0000000, 0x00000000d2d80000, 0x00000000eab00000)
  object space 308736K, 47% used [0x00000000c0000000,0x00000000c8e2b650,0x00000000d2d80000)
 Metaspace       used 98258K, capacity 105190K, committed 107520K, reserved 1144832K
  class space    used 11845K, capacity 12547K, committed 13056K, reserved 1048576K
}
Event: 14855.775 GC heap before
{Heap before GC invocations=205 (full 31):
 PSYoungGen      total 291840K, used 178176K [0x00000000eab00000, 0x00000000ffe00000, 0x0000000100000000)
  eden space 234496K, 70% used [0x00000000eab00000,0x00000000f4c36970,0x00000000f9000000)
  from space 57344K, 22% used [0x00000000f9000000,0x00000000f9cc9718,0x00000000fc800000)
  to   space 54784K, 0% used [0x00000000fc880000,0x00000000fc880000,0x00000000ffe00000)
 ParOldGen       total 308736K, used 145581K [0x00000000c0000000, 0x00000000d2d80000, 0x00000000eab00000)
  object space 308736K, 47% used [0x00000000c0000000,0x00000000c8e2b650,0x00000000d2d80000)
 Metaspace       used 98300K, capacity 105266K, committed 107520K, reserved 1144832K
  class space    used 11847K, capacity 12549K, committed 13056K, reserved 1048576K
Event: 14855.782 GC heap after
Heap after GC invocations=205 (full 31):
 PSYoungGen      total 291328K, used 1408K [0x00000000eab00000, 0x00000000ffd00000, 0x0000000100000000)
  eden space 237568K, 0% used [0x00000000eab00000,0x00000000eab00000,0x00000000f9300000)
  from space 53760K, 2% used [0x00000000fc880000,0x00000000fc9e0000,0x00000000ffd00000)
  to   space 54272K, 0% used [0x00000000f9300000,0x00000000f9300000,0x00000000fc800000)
 ParOldGen       total 308736K, used 149533K [0x00000000c0000000, 0x00000000d2d80000, 0x00000000eab00000)
  object space 308736K, 48% used [0x00000000c0000000,0x00000000c9207700,0x00000000d2d80000)
 Metaspace       used 98300K, capacity 105266K, committed 107520K, reserved 1144832K
  class space    used 11847K, capacity 12549K, committed 13056K, reserved 1048576K
}
Event: 14855.782 GC heap before
{Heap before GC invocations=206 (full 32):
 PSYoungGen      total 291328K, used 1408K [0x00000000eab00000, 0x00000000ffd00000, 0x0000000100000000)
  eden space 237568K, 0% used [0x00000000eab00000,0x00000000eab00000,0x00000000f9300000)
  from space 53760K, 2% used [0x00000000fc880000,0x00000000fc9e0000,0x00000000ffd00000)
  to   space 54272K, 0% used [0x00000000f9300000,0x00000000f9300000,0x00000000fc800000)
 ParOldGen       total 308736K, used 149533K [0x00000000c0000000, 0x00000000d2d80000, 0x00000000eab00000)
  object space 308736K, 48% used [0x00000000c0000000,0x00000000c9207700,0x00000000d2d80000)
 Metaspace       used 98300K, capacity 105266K, committed 107520K, reserved 1144832K
  class space    used 11847K, capacity 12549K, committed 13056K, reserved 1048576K
Event: 14856.186 GC heap after
Heap after GC invocations=206 (full 32):
 PSYoungGen      total 291328K, used 0K [0x00000000eab00000, 0x00000000ffd00000, 0x0000000100000000)
  eden space 237568K, 0% used [0x00000000eab00000,0x00000000eab00000,0x00000000f9300000)
  from space 53760K, 0% used [0x00000000fc880000,0x00000000fc880000,0x00000000ffd00000)
  to   space 54272K, 0% used [0x00000000f9300000,0x00000000f9300000,0x00000000fc800000)
 ParOldGen       total 308736K, used 97716K [0x00000000c0000000, 0x00000000d2d80000, 0x00000000eab00000)
  object space 308736K, 31% used [0x00000000c0000000,0x00000000c5f6d100,0x00000000d2d80000)
 Metaspace       used 97863K, capacity 104706K, committed 107520K, reserved 1144832K
  class space    used 11792K, capacity 12469K, committed 13056K, reserved 1048576K
}
Event: 20388.730 GC heap before
{Heap before GC invocations=207 (full 32):
 PSYoungGen      total 291328K, used 131029K [0x00000000eab00000, 0x00000000ffd00000, 0x0000000100000000)
  eden space 237568K, 55% used [0x00000000eab00000,0x00000000f2af5438,0x00000000f9300000)
  from space 53760K, 0% used [0x00000000fc880000,0x00000000fc880000,0x00000000ffd00000)
  to   space 54272K, 0% used [0x00000000f9300000,0x00000000f9300000,0x00000000fc800000)
 ParOldGen       total 308736K, used 97716K [0x00000000c0000000, 0x00000000d2d80000, 0x00000000eab00000)
  object space 308736K, 31% used [0x00000000c0000000,0x00000000c5f6d100,0x00000000d2d80000)
 Metaspace       used 97986K, capacity 104988K, committed 107520K, reserved 1144832K
  class space    used 11811K, capacity 12492K, committed 13056K, reserved 1048576K
Event: 20388.744 GC heap after
Heap after GC invocations=207 (full 32):
 PSYoungGen      total 246784K, used 8704K [0x00000000eab00000, 0x00000000ff900000, 0x0000000100000000)
  eden space 237568K, 0% used [0x00000000eab00000,0x00000000eab00000,0x00000000f9300000)
  from space 9216K, 94% used [0x00000000f9300000,0x00000000f9b80020,0x00000000f9c00000)
  to   space 52224K, 0% used [0x00000000fc600000,0x00000000fc600000,0x00000000ff900000)
 ParOldGen       total 308736K, used 97724K [0x00000000c0000000, 0x00000000d2d80000, 0x00000000eab00000)
  object space 308736K, 31% used [0x00000000c0000000,0x00000000c5f6f100,0x00000000d2d80000)
 Metaspace       used 97986K, capacity 104988K, committed 107520K, reserved 1144832K
  class space    used 11811K, capacity 12492K, committed 13056K, reserved 1048576K
}
Event: 20388.744 GC heap before
{Heap before GC invocations=208 (full 33):
 PSYoungGen      total 246784K, used 8704K [0x00000000eab00000, 0x00000000ff900000, 0x0000000100000000)
  eden space 237568K, 0% used [0x00000000eab00000,0x00000000eab00000,0x00000000f9300000)
  from space 9216K, 94% used [0x00000000f9300000,0x00000000f9b80020,0x00000000f9c00000)
  to   space 52224K, 0% used [0x00000000fc600000,0x00000000fc600000,0x00000000ff900000)
 ParOldGen       total 308736K, used 97724K [0x00000000c0000000, 0x00000000d2d80000, 0x00000000eab00000)
  object space 308736K, 31% used [0x00000000c0000000,0x00000000c5f6f100,0x00000000d2d80000)
 Metaspace       used 97986K, capacity 104988K, committed 107520K, reserved 1144832K
  class space    used 11811K, capacity 12492K, committed 13056K, reserved 1048576K

